c:\users\onwin\source\repos\videoplayer\videoplayer\x64\release\vc143.pdb
c:\users\onwin\source\repos\videoplayer\videoplayer\x64\release\video.obj
c:\users\onwin\source\repos\videoplayer\videoplayer\x64\release\utility.obj
c:\users\onwin\source\repos\videoplayer\videoplayer\x64\release\main.obj
c:\users\onwin\source\repos\videoplayer\videoplayer\x64\release\ffmpeg_videofilefunctions.obj
c:\users\onwin\source\repos\videoplayer\videoplayer\x64\release\display.obj
c:\users\onwin\source\repos\videoplayer\videoplayer\x64\release\windows.obj
c:\users\onwin\source\repos\videoplayer\bin\videoplayer.exe
c:\users\onwin\source\repos\videoplayer\videoplayer\x64\release\videoplayer.ipdb
c:\users\onwin\source\repos\videoplayer\bin\videoplayer.pdb
c:\users\onwin\source\repos\videoplayer\videoplayer\x64\release\videoplayer.iobj
c:\users\onwin\source\repos\videoplayer\\bin\videoplayer.pdb
c:\users\onwin\source\repos\videoplayer\\bin\videoplayer.exe.lastcodeanalysissucceeded
c:\users\onwin\source\repos\videoplayer\videoplayer\x64\release\videoplayer.tlog\cl.command.1.tlog
c:\users\onwin\source\repos\videoplayer\videoplayer\x64\release\videoplayer.tlog\cl.items.tlog
c:\users\onwin\source\repos\videoplayer\videoplayer\x64\release\videoplayer.tlog\cl.read.1.tlog
c:\users\onwin\source\repos\videoplayer\videoplayer\x64\release\videoplayer.tlog\cl.write.1.tlog
c:\users\onwin\source\repos\videoplayer\videoplayer\x64\release\videoplayer.tlog\link.command.1.tlog
c:\users\onwin\source\repos\videoplayer\videoplayer\x64\release\videoplayer.tlog\link.read.1.tlog
c:\users\onwin\source\repos\videoplayer\videoplayer\x64\release\videoplayer.tlog\link.write.1.tlog
