c:\users\onwin\source\repos\videoplayer\videoplayer\x64\debug\vc143.pdb
c:\users\onwin\source\repos\videoplayer\videoplayer\x64\debug\vc143.idb
c:\users\onwin\source\repos\videoplayer\videoplayer\x64\debug\display.nativecodeanalysis.sarif
c:\users\onwin\source\repos\videoplayer\videoplayer\x64\debug\display.nativecodeanalysis.xml
c:\users\onwin\source\repos\videoplayer\videoplayer\x64\debug\ffmpeg_videofilefunctions.nativecodeanalysis.sarif
c:\users\onwin\source\repos\videoplayer\videoplayer\x64\debug\ffmpeg_videofilefunctions.nativecodeanalysis.xml
c:\users\onwin\source\repos\videoplayer\videoplayer\x64\debug\main.nativecodeanalysis.sarif
c:\users\onwin\source\repos\videoplayer\videoplayer\x64\debug\main.nativecodeanalysis.xml
c:\users\onwin\source\repos\videoplayer\videoplayer\x64\debug\utility.nativecodeanalysis.sarif
c:\users\onwin\source\repos\videoplayer\videoplayer\x64\debug\utility.nativecodeanalysis.xml
c:\users\onwin\source\repos\videoplayer\videoplayer\x64\debug\video.nativecodeanalysis.sarif
c:\users\onwin\source\repos\videoplayer\videoplayer\x64\debug\video.nativecodeanalysis.xml
c:\users\onwin\source\repos\videoplayer\videoplayer\x64\debug\windows.nativecodeanalysis.sarif
c:\users\onwin\source\repos\videoplayer\videoplayer\x64\debug\windows.nativecodeanalysis.xml
c:\users\onwin\source\repos\videoplayer\videoplayer\x64\debug\windows.obj
c:\users\onwin\source\repos\videoplayer\videoplayer\x64\debug\video.obj
c:\users\onwin\source\repos\videoplayer\videoplayer\x64\debug\utility.obj
c:\users\onwin\source\repos\videoplayer\videoplayer\x64\debug\main.obj
c:\users\onwin\source\repos\videoplayer\videoplayer\x64\debug\ffmpeg_videofilefunctions.obj
c:\users\onwin\source\repos\videoplayer\videoplayer\x64\debug\display.obj
c:\users\onwin\source\repos\videoplayer\videoplayer\x64\debug\videoplayer.ilk
c:\users\onwin\source\repos\videoplayer\bin\videoplayer.exe
c:\users\onwin\source\repos\videoplayer\bin\videoplayer.pdb
c:\users\onwin\source\repos\videoplayer\videoplayer\x64\debug\vc.nativecodeanalysis.all.xml
c:\users\onwin\source\repos\videoplayer\\bin\videoplayer.pdb
c:\users\onwin\source\repos\videoplayer\videoplayer\x64\debug\videoplayer.tlog\cl.command.1.tlog
c:\users\onwin\source\repos\videoplayer\videoplayer\x64\debug\videoplayer.tlog\cl.items.tlog
c:\users\onwin\source\repos\videoplayer\videoplayer\x64\debug\videoplayer.tlog\cl.read.1.tlog
c:\users\onwin\source\repos\videoplayer\videoplayer\x64\debug\videoplayer.tlog\cl.write.1.tlog
c:\users\onwin\source\repos\videoplayer\videoplayer\x64\debug\videoplayer.tlog\link.command.1.tlog
c:\users\onwin\source\repos\videoplayer\videoplayer\x64\debug\videoplayer.tlog\link.read.1.tlog
c:\users\onwin\source\repos\videoplayer\videoplayer\x64\debug\videoplayer.tlog\link.write.1.tlog
